<?xml version="1.0" encoding="UTF-8"?>
<!-- Generated by org.testng.reporters.JUnitReportReporter -->
<testsuite hostname="DESKTOP-GMDNGEC" failures="0" tests="6" name="testCases.TC003_LoginDDT" time="53.063" errors="0" timestamp="2026-02-04T14:29:26 IST" skipped="0">
  <testcase classname="testCases.TC003_LoginDDT" name="verify_loginDDT" time="4.952"/>
  <testcase classname="testCases.TC003_LoginDDT" name="verify_loginDDT" time="4.993"/>
  <testcase classname="testCases.TC003_LoginDDT" name="verify_loginDDT" time="15.000"/>
  <testcase classname="testCases.TC003_LoginDDT" name="verify_loginDDT" time="3.237"/>
  <testcase classname="testCases.TC003_LoginDDT" name="verify_loginDDT" time="12.323"/>
  <testcase classname="testCases.TC003_LoginDDT" name="verify_loginDDT" time="12.558"/>
</testsuite> <!-- testCases.TC003_LoginDDT -->
